#
# There is insufficient memory for the Java Runtime Environment to continue.
# Native memory allocation (malloc) failed to allocate 142736 bytes. Error detail: Chunk::new
# Possible reasons:
#   The system is out of physical RAM or swap space
#   This process is running with CompressedOops enabled, and the Java Heap may be blocking the growth of the native heap
# Possible solutions:
#   Reduce memory load on the system
#   Increase physical memory or swap space
#   Check if swap backing store is full
#   Decrease Java heap size (-Xmx/-Xms)
#   Decrease number of Java threads
#   Decrease Java thread stack sizes (-Xss)
#   Set larger code cache with -XX:ReservedCodeCacheSize=
#   JVM is running with Unscaled Compressed Oops mode in which the Java heap is
#     placed in the first 4GB address space. The Java Heap base address is the
#     maximum limit for the native heap growth. Please use -XX:HeapBaseMinAddress
#     to set the Java Heap base and to place the Java Heap above 4GB virtual address.
# This output file may be truncated or incomplete.
#
#  Out of Memory Error (arena.cpp:191), pid=5388, tid=7880
#
# JRE version: OpenJDK Runtime Environment Temurin-17.0.12+7 (17.0.12+7) (build 17.0.12+7)
# Java VM: OpenJDK 64-Bit Server VM Temurin-17.0.12+7 (17.0.12+7, mixed mode, tiered, compressed oops, compressed class ptrs, parallel gc, windows-amd64)
# No core dump will be written. Minidumps are not enabled by default on client versions of Windows
#

---------------  S U M M A R Y ------------

Command Line: --add-modules=ALL-SYSTEM --add-opens=java.base/java.util=ALL-UNNAMED --add-opens=java.base/java.lang=ALL-UNNAMED --add-opens=java.base/sun.nio.fs=ALL-UNNAMED -Declipse.application=org.eclipse.jdt.ls.core.id1 -Dosgi.bundles.defaultStartLevel=4 -Declipse.product=org.eclipse.jdt.ls.core.product -Djava.import.generatesMetadataFilesAtProjectRoot=false -DDetectVMInstallationsJob.disabled=true -Dfile.encoding=utf8 -XX:+UseParallelGC -XX:GCTimeRatio=4 -XX:AdaptiveSizePolicyWeight=90 -Dsun.zip.disableMemoryMapping=true -Xmx1G -Xms100m -Xlog:disable -javaagent:c:\Users\ryanw\.vscode\extensions\redhat.java-1.34.0-win32-x64\lombok\lombok-1.18.33.jar c:\Users\ryanw\.vscode\extensions\redhat.java-1.34.0-win32-x64\server\plugins\org.eclipse.equinox.launcher_1.6.900.v20240613-2009.jar -configuration c:\Users\ryanw\AppData\Roaming\Code\User\globalStorage\redhat.java\1.34.0\config_ss_win -data c:\Users\ryanw\AppData\Roaming\Code\User\workspaceStorage\1089ada15aaa69dadb525b0ba39edbd9\redhat.java\ss_ws --pipe=\\.\pipe\lsp-f57f837569da030fe12ad8810077a939-sock

Host: 11th Gen Intel(R) Core(TM) i5-11300H @ 3.10GHz, 8 cores, 15G,  Windows 11 , 64 bit Build 22621 (10.0.22621.3958)
Time: Sun Sep 29 00:06:24 2024  Windows 11 , 64 bit Build 22621 (10.0.22621.3958) elapsed time: 12.449325 seconds (0d 0h 0m 12s)

---------------  T H R E A D  ---------------

Current thread (0x00000222d6059850):  JavaThread "C2 CompilerThread1" daemon [_thread_in_native, id=7880, stack(0x0000004ac5000000,0x0000004ac5100000)]


Current CompileTask:
C2:  12449  506       4       lombok.patcher.scripts.MethodLevelPatchScript::patch (21 bytes)

Stack: [0x0000004ac5000000,0x0000004ac5100000]
Native frames: (J=compiled Java code, j=interpreted, Vv=VM code, C=native code)
V  [jvm.dll+0x67f929]
V  [jvm.dll+0x8371ba]
V  [jvm.dll+0x838c7e]
V  [jvm.dll+0x8392e3]
V  [jvm.dll+0x24834f]
V  [jvm.dll+0xac9d4]
V  [jvm.dll+0xad01c]
V  [jvm.dll+0x2af96f]
V  [jvm.dll+0x5868d7]
V  [jvm.dll+0x2231c2]
V  [jvm.dll+0x21c4d0]
V  [jvm.dll+0x219be1]
V  [jvm.dll+0x1a58bd]
V  [jvm.dll+0x229a2d]
V  [jvm.dll+0x227bdc]
V  [jvm.dll+0x7ec1f7]
V  [jvm.dll+0x7e65dc]
V  [jvm.dll+0x67e7f7]
C  [ucrtbase.dll+0x29333]
C  [KERNEL32.DLL+0x1257d]
C  [ntdll.dll+0x5af08]


---------------  P R O C E S S  ---------------

Threads class SMR info:
_java_thread_list=0x00000222d6c2cb50, length=13, elements={
0x00000222bcc14b90, 0x00000222d0a9acc0, 0x00000222d0a9bdc0, 0x00000222d5d53420,
0x00000222d5d53df0, 0x00000222d5d56e70, 0x00000222d5d57740, 0x00000222d5d583f0,
0x00000222d5daff70, 0x00000222d5db2c40, 0x00000222bcc77e70, 0x00000222d6c00f40,
0x00000222d6059850
}

Java Threads: ( => current thread )
  0x00000222bcc14b90 JavaThread "main" [_thread_in_vm, id=22028, stack(0x0000004ac4100000,0x0000004ac4200000)]
  0x00000222d0a9acc0 JavaThread "Reference Handler" daemon [_thread_blocked, id=14968, stack(0x0000004ac4400000,0x0000004ac4500000)]
  0x00000222d0a9bdc0 JavaThread "Finalizer" daemon [_thread_blocked, id=21436, stack(0x0000004ac4500000,0x0000004ac4600000)]
  0x00000222d5d53420 JavaThread "Signal Dispatcher" daemon [_thread_blocked, id=8780, stack(0x0000004ac4600000,0x0000004ac4700000)]
  0x00000222d5d53df0 JavaThread "Attach Listener" daemon [_thread_blocked, id=3284, stack(0x0000004ac4700000,0x0000004ac4800000)]
  0x00000222d5d56e70 JavaThread "Service Thread" daemon [_thread_blocked, id=13124, stack(0x0000004ac4800000,0x0000004ac4900000)]
  0x00000222d5d57740 JavaThread "Monitor Deflation Thread" daemon [_thread_blocked, id=17088, stack(0x0000004ac4900000,0x0000004ac4a00000)]
  0x00000222d5d583f0 JavaThread "C2 CompilerThread0" daemon [_thread_in_native, id=5240, stack(0x0000004ac4a00000,0x0000004ac4b00000)]
  0x00000222d5daff70 JavaThread "C1 CompilerThread0" daemon [_thread_blocked, id=21804, stack(0x0000004ac4b00000,0x0000004ac4c00000)]
  0x00000222d5db2c40 JavaThread "Sweeper thread" daemon [_thread_blocked, id=22452, stack(0x0000004ac4c00000,0x0000004ac4d00000)]
  0x00000222bcc77e70 JavaThread "Common-Cleaner" daemon [_thread_blocked, id=3952, stack(0x0000004ac4d00000,0x0000004ac4e00000)]
  0x00000222d6c00f40 JavaThread "Notification Thread" daemon [_thread_blocked, id=17296, stack(0x0000004ac4e00000,0x0000004ac4f00000)]
=>0x00000222d6059850 JavaThread "C2 CompilerThread1" daemon [_thread_in_native, id=7880, stack(0x0000004ac5000000,0x0000004ac5100000)]

Other Threads:
  0x00000222d0a99900 VMThread "VM Thread" [stack: 0x0000004ac4300000,0x0000004ac4400000] [id=16472]
  0x00000222d6be8c10 WatcherThread [stack: 0x0000004ac4f00000,0x0000004ac5000000] [id=16644]
  0x00000222bcc2a680 GCTaskThread "GC Thread#0" [stack: 0x0000004ac4200000,0x0000004ac4300000] [id=3288]

Threads with active compile tasks:
C2 CompilerThread0    12480  536       4       lombok.patcher.PatchScript::classMatches (41 bytes)
C2 CompilerThread1    12481  506       4       lombok.patcher.scripts.MethodLevelPatchScript::patch (21 bytes)

VM state: not at safepoint (normal execution)

VM Mutex/Monitor currently owned by a thread:  ([mutex/lock_event])
[0x00000222bcc0fca0] Metaspace_lock - owner thread: 0x00000222bcc14b90

Heap address: 0x00000000c0000000, size: 1024 MB, Compressed Oops mode: 32-bit

CDS archive(s) not mapped
Compressed class space mapped at: 0x0000000100000000-0x0000000140000000, reserved size: 1073741824
Narrow klass base: 0x0000000000000000, Narrow klass shift: 3, Narrow klass range: 0x140000000

GC Precious Log:
 CPUs: 8 total, 8 available
 Memory: 16122M
 Large Page Support: Disabled
 NUMA Support: Disabled
 Compressed Oops: Enabled (32-bit)
 Alignments: Space 512K, Generation 512K, Heap 2M
 Heap Min Capacity: 100M
 Heap Initial Capacity: 100M
 Heap Max Capacity: 1G
 Pre-touch: Disabled
 Parallel Workers: 8

Heap:
 PSYoungGen      total 29696K, used 11731K [0x00000000eab00000, 0x00000000ecc00000, 0x0000000100000000)
  eden space 25600K, 45% used [0x00000000eab00000,0x00000000eb674e38,0x00000000ec400000)
  from space 4096K, 0% used [0x00000000ec800000,0x00000000ec800000,0x00000000ecc00000)
  to   space 4096K, 0% used [0x00000000ec400000,0x00000000ec400000,0x00000000ec800000)
 ParOldGen       total 68608K, used 0K [0x00000000c0000000, 0x00000000c4300000, 0x00000000eab00000)
  object space 68608K, 0% used [0x00000000c0000000,0x00000000c0000000,0x00000000c4300000)
 Metaspace       used 8203K, committed 8256K, reserved 1114112K
  class space    used 795K, committed 832K, reserved 1048576K

Card table byte_map: [0x00000222bc5b0000,0x00000222bc7c0000] _byte_map_base: 0x00000222bbfb0000

Marking Bits: (ParMarkBitMap*) 0x00007ffa947058b0
 Begin Bits: [0x00000222ce8a0000, 0x00000222cf8a0000)
 End Bits:   [0x00000222cf8a0000, 0x00000222d08a0000)

Polling page: 0x00000222babf0000

Metaspace:

Usage:
  Non-class:      7.23 MB used.
      Class:    795.75 KB used.
       Both:      8.01 MB used.

Virtual space:
  Non-class space:       64.00 MB reserved,       7.25 MB ( 11%) committed,  1 nodes.
      Class space:        1.00 GB reserved,     832.00 KB ( <1%) committed,  1 nodes.
             Both:        1.06 GB reserved,       8.06 MB ( <1%) committed. 

Chunk freelists:
   Non-Class:  8.00 MB
       Class:  15.21 MB
        Both:  23.21 MB

MaxMetaspaceSize: unlimited
CompressedClassSpaceSize: 1.00 GB
Initial GC threshold: 21.00 MB
Current GC threshold: 21.00 MB
CDS: off
MetaspaceReclaimPolicy: balanced
 - commit_granule_bytes: 65536.
 - commit_granule_words: 8192.
 - virtual_space_node_default_size: 8388608.
 - enlarge_chunks_in_place: 1.
 - new_chunks_are_fully_committed: 0.
 - uncommit_free_chunks: 1.
 - use_allocation_guard: 0.
 - handle_deallocations: 1.


Internal statistics:

num_allocs_failed_limit: 0.
num_arena_births: 10.
num_arena_deaths: 0.
num_vsnodes_births: 2.
num_vsnodes_deaths: 0.
num_space_committed: 129.
num_space_uncommitted: 0.
num_chunks_returned_to_freelist: 0.
num_chunks_taken_from_freelist: 40.
num_chunk_merges: 0.
num_chunk_splits: 23.
num_chunks_enlarged: 22.
num_inconsistent_stats: 0.

CodeHeap 'non-profiled nmethods': size=120000Kb used=185Kb max_used=185Kb free=119814Kb
 bounds [0x00000222c7370000, 0x00000222c75e0000, 0x00000222ce8a0000]
CodeHeap 'profiled nmethods': size=120000Kb used=737Kb max_used=737Kb free=119262Kb
 bounds [0x00000222bf8a0000, 0x00000222bfb10000, 0x00000222c6dd0000]
CodeHeap 'non-nmethods': size=5760Kb used=1141Kb max_used=1150Kb free=4618Kb
 bounds [0x00000222c6dd0000, 0x00000222c7040000, 0x00000222c7370000]
 total_blobs=953 nmethods=535 adapters=333
 compilation: enabled
              stopped_count=0, restarted_count=0
 full_count=0

Compilation events (20 events):
Event: 12.412 Thread 0x00000222d6059850  513       4       java.lang.CharacterDataLatin1::digit (32 bytes)
Event: 12.413 Thread 0x00000222d5daff70 nmethod 516 0x00000222bf94f890 code [0x00000222bf94fd40, 0x00000222bf951e68]
Event: 12.413 Thread 0x00000222d5daff70  517       3       java.math.BigInteger::getInt (63 bytes)
Event: 12.413 Thread 0x00000222d6059850 nmethod 513 0x00000222c739ba90 code [0x00000222c739bc20, 0x00000222c739bd18]
Event: 12.413 Thread 0x00000222d6059850  515       4       java.lang.Character::digit (6 bytes)
Event: 12.413 Thread 0x00000222d5daff70 nmethod 517 0x00000222bf952d10 code [0x00000222bf952ee0, 0x00000222bf9532e8]
Event: 12.415 Thread 0x00000222d6059850 nmethod 515 0x00000222c739be10 code [0x00000222c739bfa0, 0x00000222c739c098]
Event: 12.415 Thread 0x00000222d6059850  506       4       lombok.patcher.scripts.MethodLevelPatchScript::patch (21 bytes)
Event: 12.415 Thread 0x00000222d5d583f0 nmethod 518 0x00000222c739c210 code [0x00000222c739c380, 0x00000222c739c518]
Event: 12.441 Thread 0x00000222d5daff70  519       3       java.lang.Integer::numberOfLeadingZeros (79 bytes)
Event: 12.441 Thread 0x00000222d5d583f0  520       4       java.math.BigInteger::destructiveMulAdd (150 bytes)
Event: 12.442 Thread 0x00000222d5daff70 nmethod 519 0x00000222bf953410 code [0x00000222bf9535c0, 0x00000222bf953898]
Event: 12.442 Thread 0x00000222d5daff70  522       3       sun.security.util.CurveDB::bi (11 bytes)
Event: 12.442 Thread 0x00000222d5daff70 nmethod 522 0x00000222bf953910 code [0x00000222bf953ac0, 0x00000222bf953c68]
Event: 12.443 Thread 0x00000222d5daff70  525  s    3       java.io.ByteArrayOutputStream::write (32 bytes)
Event: 12.443 Thread 0x00000222d5daff70 nmethod 525 0x00000222bf953d10 code [0x00000222bf953ec0, 0x00000222bf954108]
Event: 12.443 Thread 0x00000222d5daff70  526       1       java.math.BigInteger::signum (5 bytes)
Event: 12.443 Thread 0x00000222d5daff70 nmethod 526 0x00000222c739c610 code [0x00000222c739c7a0, 0x00000222c739c878]
Event: 12.446 Thread 0x00000222d5daff70  527       3       java.util.LinkedHashMap::newNode (23 bytes)
Event: 12.447 Thread 0x00000222d5daff70 nmethod 527 0x00000222bf954210 code [0x00000222bf9543c0, 0x00000222bf954688]

GC Heap History (0 events):
No events

Dll operation events (8 events):
Event: 1.864 Loaded shared library c:\Users\ryanw\.vscode\extensions\redhat.java-1.34.0-win32-x64\jre\17.0.12-win32-x86_64\bin\java.dll
Event: 8.378 Loaded shared library c:\Users\ryanw\.vscode\extensions\redhat.java-1.34.0-win32-x64\jre\17.0.12-win32-x86_64\bin\zip.dll
Event: 8.659 Loaded shared library C:\Users\ryanw\.vscode\extensions\redhat.java-1.34.0-win32-x64\jre\17.0.12-win32-x86_64\bin\instrument.dll
Event: 9.115 Loaded shared library C:\Users\ryanw\.vscode\extensions\redhat.java-1.34.0-win32-x64\jre\17.0.12-win32-x86_64\bin\net.dll
Event: 9.436 Loaded shared library C:\Users\ryanw\.vscode\extensions\redhat.java-1.34.0-win32-x64\jre\17.0.12-win32-x86_64\bin\nio.dll
Event: 9.979 Loaded shared library C:\Users\ryanw\.vscode\extensions\redhat.java-1.34.0-win32-x64\jre\17.0.12-win32-x86_64\bin\zip.dll
Event: 10.329 Loaded shared library C:\Users\ryanw\.vscode\extensions\redhat.java-1.34.0-win32-x64\jre\17.0.12-win32-x86_64\bin\jimage.dll
Event: 10.688 Loaded shared library c:\Users\ryanw\.vscode\extensions\redhat.java-1.34.0-win32-x64\jre\17.0.12-win32-x86_64\bin\verify.dll

Deoptimization events (20 events):
Event: 12.287 Thread 0x00000222bcc14b90 Uncommon trap: trap_request=0xffffffde fr.pc=0x00000222c73985ac relative=0x000000000000010c
Event: 12.287 Thread 0x00000222bcc14b90 Uncommon trap: reason=class_check action=maybe_recompile pc=0x00000222c73985ac method=jdk.internal.misc.Unsafe.allocateUninitializedArray(Ljava/lang/Class;I)Ljava/lang/Object; @ 51 c2
Event: 12.287 Thread 0x00000222bcc14b90 DEOPT PACKING pc=0x00000222c73985ac sp=0x0000004ac41fb290
Event: 12.287 Thread 0x00000222bcc14b90 DEOPT UNPACKING pc=0x00000222c6e29ea3 sp=0x0000004ac41fb218 mode 2
Event: 12.287 Thread 0x00000222bcc14b90 Uncommon trap: trap_request=0xffffffde fr.pc=0x00000222c73985ac relative=0x000000000000010c
Event: 12.287 Thread 0x00000222bcc14b90 Uncommon trap: reason=class_check action=maybe_recompile pc=0x00000222c73985ac method=jdk.internal.misc.Unsafe.allocateUninitializedArray(Ljava/lang/Class;I)Ljava/lang/Object; @ 51 c2
Event: 12.287 Thread 0x00000222bcc14b90 DEOPT PACKING pc=0x00000222c73985ac sp=0x0000004ac41fb290
Event: 12.287 Thread 0x00000222bcc14b90 DEOPT UNPACKING pc=0x00000222c6e29ea3 sp=0x0000004ac41fb218 mode 2
Event: 12.287 Thread 0x00000222bcc14b90 Uncommon trap: trap_request=0xffffffde fr.pc=0x00000222c73985ac relative=0x000000000000010c
Event: 12.287 Thread 0x00000222bcc14b90 Uncommon trap: reason=class_check action=maybe_recompile pc=0x00000222c73985ac method=jdk.internal.misc.Unsafe.allocateUninitializedArray(Ljava/lang/Class;I)Ljava/lang/Object; @ 51 c2
Event: 12.287 Thread 0x00000222bcc14b90 DEOPT PACKING pc=0x00000222c73985ac sp=0x0000004ac41fb2d0
Event: 12.287 Thread 0x00000222bcc14b90 DEOPT UNPACKING pc=0x00000222c6e29ea3 sp=0x0000004ac41fb258 mode 2
Event: 12.381 Thread 0x00000222bcc14b90 Uncommon trap: trap_request=0xffffff45 fr.pc=0x00000222c7387940 relative=0x00000000000000c0
Event: 12.381 Thread 0x00000222bcc14b90 Uncommon trap: reason=unstable_if action=reinterpret pc=0x00000222c7387940 method=java.net.URI.match(CJJ)Z @ 45 c2
Event: 12.381 Thread 0x00000222bcc14b90 DEOPT PACKING pc=0x00000222c7387940 sp=0x0000004ac41fc600
Event: 12.381 Thread 0x00000222bcc14b90 DEOPT UNPACKING pc=0x00000222c6e29ea3 sp=0x0000004ac41fc588 mode 2
Event: 12.397 Thread 0x00000222bcc14b90 Uncommon trap: trap_request=0xffffff45 fr.pc=0x00000222c73992e4 relative=0x0000000000000584
Event: 12.397 Thread 0x00000222bcc14b90 Uncommon trap: reason=unstable_if action=reinterpret pc=0x00000222c73992e4 method=java.lang.String.replace(Ljava/lang/CharSequence;Ljava/lang/CharSequence;)Ljava/lang/String; @ 48 c2
Event: 12.397 Thread 0x00000222bcc14b90 DEOPT PACKING pc=0x00000222c73992e4 sp=0x0000004ac41fc480
Event: 12.397 Thread 0x00000222bcc14b90 DEOPT UNPACKING pc=0x00000222c6e29ea3 sp=0x0000004ac41fc3f0 mode 2

Classes loaded (20 events):
Event: 12.397 Loading class java/util/TreeMap$PrivateEntryIterator done
Event: 12.397 Loading class java/util/TreeMap$KeyIterator done
Event: 12.397 Loading class sun/security/util/DisabledAlgorithmConstraints$Constraints
Event: 12.397 Loading class sun/security/util/DisabledAlgorithmConstraints$Constraints done
Event: 12.397 Loading class sun/security/util/CurveDB
Event: 12.399 Loading class sun/security/util/CurveDB done
Event: 12.399 Loading class java/security/spec/ECFieldFp
Event: 12.399 Loading class java/security/spec/ECField
Event: 12.399 Loading class java/security/spec/ECField done
Event: 12.399 Loading class java/security/spec/ECFieldFp done
Event: 12.399 Loading class java/security/spec/EllipticCurve
Event: 12.400 Loading class java/security/spec/EllipticCurve done
Event: 12.400 Loading class java/security/spec/ECPoint
Event: 12.401 Loading class java/security/spec/ECPoint done
Event: 12.401 Loading class sun/security/util/NamedCurve
Event: 12.402 Loading class java/security/spec/ECParameterSpec
Event: 12.402 Loading class java/security/spec/ECParameterSpec done
Event: 12.402 Loading class sun/security/util/NamedCurve done
Event: 12.407 Loading class java/security/spec/ECFieldF2m
Event: 12.407 Loading class java/security/spec/ECFieldF2m done

Classes unloaded (0 events):
No events

Classes redefined (0 events):
No events

Internal exceptions (2 events):
Event: 7.322 Thread 0x00000222bcc14b90 Exception <a 'java/lang/NoSuchMethodError'{0x00000000eac555d0}: 'void java.lang.invoke.DirectMethodHandle$Holder.invokeStatic(java.lang.Object, java.lang.Object, java.lang.Object)'> (0x00000000eac555d0) 
thrown [s\src\hotspot\share\interpreter\linkResolver.cpp, line 759]
Event: 10.992 Thread 0x00000222bcc14b90 Exception <a 'java/lang/reflect/InvocationTargetException'{0x00000000eb022950}> (0x00000000eb022950) 
thrown [s\src\hotspot\share\runtime\reflection.cpp, line 1128]

VM Operations (16 events):
Event: 6.368 Executing VM operation: Cleanup
Event: 6.523 Executing VM operation: Cleanup done
Event: 7.347 Executing VM operation: HandshakeAllThreads
Event: 7.347 Executing VM operation: HandshakeAllThreads done
Event: 8.352 Executing VM operation: Cleanup
Event: 8.368 Executing VM operation: Cleanup done
Event: 9.376 Executing VM operation: Cleanup
Event: 9.376 Executing VM operation: Cleanup done
Event: 10.386 Executing VM operation: Cleanup
Event: 10.402 Executing VM operation: Cleanup done
Event: 10.404 Executing VM operation: HandshakeAllThreads
Event: 10.404 Executing VM operation: HandshakeAllThreads done
Event: 11.418 Executing VM operation: Cleanup
Event: 11.418 Executing VM operation: Cleanup done
Event: 12.422 Executing VM operation: Cleanup
Event: 12.441 Executing VM operation: Cleanup done

Events (13 events):
Event: 3.318 Thread 0x00000222bcc14b90 Thread added: 0x00000222bcc14b90
Event: 4.495 Thread 0x00000222d0a9acc0 Thread added: 0x00000222d0a9acc0
Event: 4.501 Thread 0x00000222d0a9bdc0 Thread added: 0x00000222d0a9bdc0
Event: 4.576 Thread 0x00000222d5d53420 Thread added: 0x00000222d5d53420
Event: 4.576 Thread 0x00000222d5d53df0 Thread added: 0x00000222d5d53df0
Event: 4.576 Thread 0x00000222d5d56e70 Thread added: 0x00000222d5d56e70
Event: 4.576 Thread 0x00000222d5d57740 Thread added: 0x00000222d5d57740
Event: 4.577 Thread 0x00000222d5d583f0 Thread added: 0x00000222d5d583f0
Event: 4.859 Thread 0x00000222d5daff70 Thread added: 0x00000222d5daff70
Event: 4.860 Thread 0x00000222d5db2c40 Thread added: 0x00000222d5db2c40
Event: 6.552 Thread 0x00000222bcc77e70 Thread added: 0x00000222bcc77e70
Event: 11.607 Thread 0x00000222d6c00f40 Thread added: 0x00000222d6c00f40
Event: 12.411 Thread 0x00000222d6059850 Thread added: 0x00000222d6059850


Dynamic libraries:
0x00007ff70d550000 - 0x00007ff70d55e000 	c:\Users\ryanw\.vscode\extensions\redhat.java-1.34.0-win32-x64\jre\17.0.12-win32-x86_64\bin\java.exe
0x00007ffaf9d10000 - 0x00007ffaf9f27000 	C:\WINDOWS\SYSTEM32\ntdll.dll
0x00007ffaf97d0000 - 0x00007ffaf9894000 	C:\WINDOWS\System32\KERNEL32.DLL
0x00007ffaf7380000 - 0x00007ffaf7737000 	C:\WINDOWS\System32\KERNELBASE.dll
0x00007ffaf7880000 - 0x00007ffaf7991000 	C:\WINDOWS\System32\ucrtbase.dll
0x00007ffae0190000 - 0x00007ffae01a7000 	c:\Users\ryanw\.vscode\extensions\redhat.java-1.34.0-win32-x64\jre\17.0.12-win32-x86_64\bin\jli.dll
0x00007ffaf9a10000 - 0x00007ffaf9bbf000 	C:\WINDOWS\System32\USER32.dll
0x00007ffaf7320000 - 0x00007ffaf7346000 	C:\WINDOWS\System32\win32u.dll
0x00007ffaf81d0000 - 0x00007ffaf81f9000 	C:\WINDOWS\System32\GDI32.dll
0x00007ffaf7200000 - 0x00007ffaf7318000 	C:\WINDOWS\System32\gdi32full.dll
0x00007ffadfa70000 - 0x00007ffadfa8b000 	c:\Users\ryanw\.vscode\extensions\redhat.java-1.34.0-win32-x64\jre\17.0.12-win32-x86_64\bin\VCRUNTIME140.dll
0x00007ffaf79a0000 - 0x00007ffaf7a3a000 	C:\WINDOWS\System32\msvcp_win.dll
0x00007ffada290000 - 0x00007ffada523000 	C:\WINDOWS\WinSxS\amd64_microsoft.windows.common-controls_6595b64144ccf1df_6.0.22621.3672_none_2713b9d173822955\COMCTL32.dll
0x00007ffaf9720000 - 0x00007ffaf97c7000 	C:\WINDOWS\System32\msvcrt.dll
0x00007ffaf9bc0000 - 0x00007ffaf9bf1000 	C:\WINDOWS\System32\IMM32.DLL
0x00007ffaef420000 - 0x00007ffaef42c000 	c:\Users\ryanw\.vscode\extensions\redhat.java-1.34.0-win32-x64\jre\17.0.12-win32-x86_64\bin\vcruntime140_1.dll
0x00007ffabd640000 - 0x00007ffabd6cd000 	c:\Users\ryanw\.vscode\extensions\redhat.java-1.34.0-win32-x64\jre\17.0.12-win32-x86_64\bin\msvcp140.dll
0x00007ffa93b60000 - 0x00007ffa947ca000 	c:\Users\ryanw\.vscode\extensions\redhat.java-1.34.0-win32-x64\jre\17.0.12-win32-x86_64\bin\server\jvm.dll
0x00007ffaf8ad0000 - 0x00007ffaf8b82000 	C:\WINDOWS\System32\ADVAPI32.dll
0x00007ffaf7d30000 - 0x00007ffaf7dd8000 	C:\WINDOWS\System32\sechost.dll
0x00007ffaf7350000 - 0x00007ffaf7378000 	C:\WINDOWS\System32\bcrypt.dll
0x00007ffaf98a0000 - 0x00007ffaf99b4000 	C:\WINDOWS\System32\RPCRT4.dll
0x00007ffaf9600000 - 0x00007ffaf9671000 	C:\WINDOWS\System32\WS2_32.dll
0x00007ffaf5e90000 - 0x00007ffaf5edd000 	C:\WINDOWS\SYSTEM32\POWRPROF.dll
0x00007ffaf13e0000 - 0x00007ffaf1414000 	C:\WINDOWS\SYSTEM32\WINMM.dll
0x00007ffae41d0000 - 0x00007ffae41da000 	C:\WINDOWS\SYSTEM32\VERSION.dll
0x00007ffaf5e70000 - 0x00007ffaf5e83000 	C:\WINDOWS\SYSTEM32\UMPDC.dll
0x00007ffaf6120000 - 0x00007ffaf6138000 	C:\WINDOWS\SYSTEM32\kernel.appcore.dll
0x00007ffaef160000 - 0x00007ffaef16a000 	c:\Users\ryanw\.vscode\extensions\redhat.java-1.34.0-win32-x64\jre\17.0.12-win32-x86_64\bin\jimage.dll
0x00007ffaf4900000 - 0x00007ffaf4b32000 	C:\WINDOWS\SYSTEM32\DBGHELP.DLL
0x00007ffaf9270000 - 0x00007ffaf95fe000 	C:\WINDOWS\System32\combase.dll
0x00007ffaf7ee0000 - 0x00007ffaf7fb7000 	C:\WINDOWS\System32\OLEAUT32.dll
0x00007ffaf13a0000 - 0x00007ffaf13d2000 	C:\WINDOWS\SYSTEM32\dbgcore.DLL
0x00007ffaf7800000 - 0x00007ffaf787b000 	C:\WINDOWS\System32\bcryptPrimitives.dll
0x00007ffadf6f0000 - 0x00007ffadf6fe000 	c:\Users\ryanw\.vscode\extensions\redhat.java-1.34.0-win32-x64\jre\17.0.12-win32-x86_64\bin\instrument.dll
0x00007ffadc160000 - 0x00007ffadc185000 	c:\Users\ryanw\.vscode\extensions\redhat.java-1.34.0-win32-x64\jre\17.0.12-win32-x86_64\bin\java.dll
0x00007ffadd910000 - 0x00007ffadd928000 	c:\Users\ryanw\.vscode\extensions\redhat.java-1.34.0-win32-x64\jre\17.0.12-win32-x86_64\bin\zip.dll
0x00007ffaf8260000 - 0x00007ffaf8ac9000 	C:\WINDOWS\System32\SHELL32.dll
0x00007ffaf4f40000 - 0x00007ffaf583f000 	C:\WINDOWS\SYSTEM32\windows.storage.dll
0x00007ffaf4e00000 - 0x00007ffaf4f3f000 	C:\WINDOWS\SYSTEM32\wintypes.dll
0x00007ffaf7de0000 - 0x00007ffaf7ed9000 	C:\WINDOWS\System32\SHCORE.dll
0x00007ffaf8200000 - 0x00007ffaf825e000 	C:\WINDOWS\System32\shlwapi.dll
0x00007ffaf6f50000 - 0x00007ffaf6f77000 	C:\WINDOWS\SYSTEM32\profapi.dll
0x00007ffadfa50000 - 0x00007ffadfa69000 	C:\Users\ryanw\.vscode\extensions\redhat.java-1.34.0-win32-x64\jre\17.0.12-win32-x86_64\bin\net.dll
0x00007ffaed050000 - 0x00007ffaed186000 	C:\WINDOWS\SYSTEM32\WINHTTP.dll
0x00007ffaf6580000 - 0x00007ffaf65e9000 	C:\WINDOWS\system32\mswsock.dll
0x00007ffadf3b0000 - 0x00007ffadf3c6000 	C:\Users\ryanw\.vscode\extensions\redhat.java-1.34.0-win32-x64\jre\17.0.12-win32-x86_64\bin\nio.dll
0x00007ffadf3a0000 - 0x00007ffadf3b0000 	c:\Users\ryanw\.vscode\extensions\redhat.java-1.34.0-win32-x64\jre\17.0.12-win32-x86_64\bin\verify.dll

dbghelp: loaded successfully - version: 4.0.5 - missing functions: none
symbol engine: initialized successfully - sym options: 0x614 - pdb path: .;c:\Users\ryanw\.vscode\extensions\redhat.java-1.34.0-win32-x64\jre\17.0.12-win32-x86_64\bin;C:\WINDOWS\SYSTEM32;C:\WINDOWS\WinSxS\amd64_microsoft.windows.common-controls_6595b64144ccf1df_6.0.22621.3672_none_2713b9d173822955;c:\Users\ryanw\.vscode\extensions\redhat.java-1.34.0-win32-x64\jre\17.0.12-win32-x86_64\bin\server

VM Arguments:
jvm_args: --add-modules=ALL-SYSTEM --add-opens=java.base/java.util=ALL-UNNAMED --add-opens=java.base/java.lang=ALL-UNNAMED --add-opens=java.base/sun.nio.fs=ALL-UNNAMED -Declipse.application=org.eclipse.jdt.ls.core.id1 -Dosgi.bundles.defaultStartLevel=4 -Declipse.product=org.eclipse.jdt.ls.core.product -Djava.import.generatesMetadataFilesAtProjectRoot=false -DDetectVMInstallationsJob.disabled=true -Dfile.encoding=utf8 -XX:+UseParallelGC -XX:GCTimeRatio=4 -XX:AdaptiveSizePolicyWeight=90 -Dsun.zip.disableMemoryMapping=true -Xmx1G -Xms100m -Xlog:disable -javaagent:c:\Users\ryanw\.vscode\extensions\redhat.java-1.34.0-win32-x64\lombok\lombok-1.18.33.jar 
java_command: c:\Users\ryanw\.vscode\extensions\redhat.java-1.34.0-win32-x64\server\plugins\org.eclipse.equinox.launcher_1.6.900.v20240613-2009.jar -configuration c:\Users\ryanw\AppData\Roaming\Code\User\globalStorage\redhat.java\1.34.0\config_ss_win -data c:\Users\ryanw\AppData\Roaming\Code\User\workspaceStorage\1089ada15aaa69dadb525b0ba39edbd9\redhat.java\ss_ws --pipe=\\.\pipe\lsp-f57f837569da030fe12ad8810077a939-sock
java_class_path (initial): c:\Users\ryanw\.vscode\extensions\redhat.java-1.34.0-win32-x64\server\plugins\org.eclipse.equinox.launcher_1.6.900.v20240613-2009.jar
Launcher Type: SUN_STANDARD

[Global flags]
    uintx AdaptiveSizePolicyWeight                 = 90                                        {product} {command line}
     intx CICompilerCount                          = 4                                         {product} {ergonomic}
    uintx GCTimeRatio                              = 4                                         {product} {command line}
   size_t InitialHeapSize                          = 104857600                                 {product} {command line}
   size_t MaxHeapSize                              = 1073741824                                {product} {command line}
   size_t MaxNewSize                               = 357564416                                 {product} {ergonomic}
   size_t MinHeapDeltaBytes                        = 524288                                    {product} {ergonomic}
   size_t MinHeapSize                              = 104857600                                 {product} {command line}
   size_t NewSize                                  = 34603008                                  {product} {ergonomic}
    uintx NonNMethodCodeHeapSize                   = 5839372                                {pd product} {ergonomic}
    uintx NonProfiledCodeHeapSize                  = 122909434                              {pd product} {ergonomic}
   size_t OldSize                                  = 70254592                                  {product} {ergonomic}
    uintx ProfiledCodeHeapSize                     = 122909434                              {pd product} {ergonomic}
    uintx ReservedCodeCacheSize                    = 251658240                              {pd product} {ergonomic}
     bool SegmentedCodeCache                       = true                                      {product} {ergonomic}
   size_t SoftMaxHeapSize                          = 1073741824                             {manageable} {ergonomic}
     bool UseCompressedClassPointers               = true                           {product lp64_product} {ergonomic}
     bool UseCompressedOops                        = true                           {product lp64_product} {ergonomic}
     bool UseLargePagesIndividualAllocation        = false                                  {pd product} {ergonomic}
     bool UseParallelGC                            = true                                      {product} {command line}

Logging:
Log output configuration:
 #0: stdout all=off uptime,level,tags
 #1: stderr all=off uptime,level,tags

Environment Variables:
JAVA_HOME=C:\Program Files\Java\jdk-11
CLASSPATH=.;C:\Program Files\Java\jdk-11\lib;C:\Program Files\Java\jdk-11\lib\tools.jar
PATH=C:\Program Files\Java\jdk-11\jre\bin;C:\Program Files\Java\jdk-11\bin;C:\Program Files\Common Files\Oracle\Java\javapath;C:\Program Files (x86)\Common Files\Oracle\Java\java8path;C:\Program Files (x86)\Common Files\Oracle\Java\javapath;C:\Program Files (x86)\VMware\VMware Workstation\bin\;C:\Windows\system32;C:\Windows;C:\Windows\System32\Wbem;C:\Windows\System32\WindowsPowerShell\v1.0\;C:\Windows\System32\OpenSSH\;C:\Program Files\NVIDIA Corporation\NVIDIA NvDLISR;C:\Users\ryanw\AppData\Local\Programs\Python\Python39;C:\Program Files (x86)\NVIDIA Corporation\PhysX\Common;C:\Program Files\dotnet\;C:\WINDOWS\system32;C:\WINDOWS;C:\WINDOWS\System32\Wbem;C:\WINDOWS\System32\WindowsPowerShell\v1.0\;C:\WINDOWS\System32\OpenSSH\;C:\WINDOWS\system32;C:\WINDOWS;C:\WINDOWS\System32\Wbem;C:\WINDOWS\System32\WindowsPowerShell\v1.0\;C:\WINDOWS\System32\OpenSSH\;C:\msys64\mingw64\bin;C:\ProgramData\chocolatey\bin;D:\apache-maven-3.6.1\bin;C:\Program Files\MongoDB\Server\5.0\bin;C:\Users\ryanw\Downloads\nginx-1.24.0;C:\Program Files\Redis;C:\Program Files\ffmpeg-2023-12-18-git-be8a4f80b9-full_build\bin;C:\Program Files\nodejs\;C:\Program Files (x86)\Tencent\微信web开发者工具\dll;;;;C:\Program Files\Git\cmd;C:\Users\ryanw\anaconda3;C:\Users\ryanw\anaconda3\Library\mingw-w64\bin;C:\Users\ryanw\anaconda3\Library\usr\bin;C:\Users\ryanw\anaconda3\Library\bin;C:\Users\ryanw\anaconda3\Scripts;C:\Users\ryanw\AppData\Local\Microsoft\WindowsApps;C:\Users\ryanw\AppData\Local\Microsoft\WindowsApps;C:\Users\ryanw\AppData\Local\Programs\oh-my-posh\bin;C:\Users\ryanw\AppData\Local\JetBrains\Toolbox\scripts;C:\Users\ryanw\Downloads\mysql-5.7.19-winx64\bin;C:\Users\ryanw\AppData\Roaming\npm;C:\Users\ryanw\AppData\Local\Programs\Microsoft VS Code\bin
USERNAME=ryanw
OS=Windows_NT
PROCESSOR_IDENTIFIER=Intel64 Family 6 Model 140 Stepping 1, GenuineIntel
TMP=C:\Users\ryanw\AppData\Local\Temp
TEMP=C:\Users\ryanw\AppData\Local\Temp



Periodic native trim disabled


---------------  S Y S T E M  ---------------

OS:
 Windows 11 , 64 bit Build 22621 (10.0.22621.3958)
OS uptime: 0 days 16:30 hours
Hyper-V role detected

CPU: total 8 (initial active 8) (4 cores per cpu, 2 threads per core) family 6 model 140 stepping 1 microcode 0xb8, cx8, cmov, fxsr, ht, mmx, 3dnowpref, sse, sse2, sse3, ssse3, sse4.1, sse4.2, popcnt, lzcnt, tsc, tscinvbit, avx, avx2, aes, erms, clmul, bmi1, bmi2, adx, avx512f, avx512dq, avx512cd, avx512bw, avx512vl, sha, fma, vzeroupper, avx512_vpopcntdq, avx512_vpclmulqdq, avx512_vaes, avx512_vnni, clflush, clflushopt, clwb, avx512_vbmi2, avx512_vbmi, hv
Processor Information for all 8 processors :
  Max Mhz: 2611, Current Mhz: 2611, Mhz Limit: 2611

Memory: 4k page, system-wide physical 16122M (1354M free)
TotalPageFile size 65274M (AvailPageFile size 0M)
current process WorkingSet (physical memory assigned to process): 51M, peak: 51M
current process commit charge ("private bytes"): 192M, peak: 192M

vm_info: OpenJDK 64-Bit Server VM (17.0.12+7) for windows-amd64 JRE (17.0.12+7), built on Jul 16 2024 22:08:24 by "admin" with MS VC++ 16.10 / 16.11 (VS2019)

END.
